<?xml version="1.0" encoding="UTF-8"?>
<testsuite name="com.praveen.express.PredicatesApplicationTest" tests="1" skipped="0" failures="0" errors="0" timestamp="2022-04-23T14:37:47" hostname="localhost.localdomain" time="0.05">
  <properties/>
  <testcase name="shouldGetMessageForExpertDeveloper()" classname="com.praveen.express.PredicatesApplicationTest" time="0.05"/>
  <system-out><![CDATA[Person is Good at System Design
]]></system-out>
  <system-err><![CDATA[]]></system-err>
</testsuite>
